<?xml version="1.0" encoding="UTF-8"?>
<coverage generated="1689163417708" clover="3.2.0">
  <project timestamp="1689163417709" name="All files">
    <metrics statements="39" coveredstatements="38" conditionals="9" coveredconditionals="6" methods="15" coveredmethods="15" elements="63" coveredelements="59" complexity="0" loc="39" ncloc="39" packages="2" files="4" classes="4"/>
    <package name="guide-to-testing-javascript-and-node-applications">
      <metrics statements="38" coveredstatements="37" conditionals="9" coveredconditionals="6" methods="15" coveredmethods="15"/>
      <file name="add.js" path="/Users/ericvanlessen/Downloads/backend-development-practice-projects/guide-to-testing-javascript-and-node-applications/add.js">
        <metrics statements="3" coveredstatements="3" conditionals="0" coveredconditionals="0" methods="2" coveredmethods="2"/>
        <line num="2" count="1" type="stmt"/>
        <line num="6" count="1" type="stmt"/>
        <line num="9" count="1" type="stmt"/>
      </file>
      <file name="parse-stringify.js" path="/Users/ericvanlessen/Downloads/backend-development-practice-projects/guide-to-testing-javascript-and-node-applications/parse-stringify.js">
        <metrics statements="19" coveredstatements="19" conditionals="5" coveredconditionals="3" methods="5" coveredmethods="5"/>
        <line num="2" count="1" type="stmt"/>
        <line num="3" count="1" type="cond" truecount="1" falsecount="1"/>
        <line num="4" count="1" type="stmt"/>
        <line num="6" count="1" type="stmt"/>
        <line num="7" count="1" type="stmt"/>
        <line num="9" count="1" type="stmt"/>
        <line num="10" count="1" type="stmt"/>
        <line num="11" count="1" type="stmt"/>
        <line num="14" count="1" type="stmt"/>
        <line num="17" count="1" type="stmt"/>
        <line num="18" count="1" type="cond" truecount="2" falsecount="1"/>
        <line num="20" count="1" type="stmt"/>
        <line num="24" count="1" type="stmt"/>
        <line num="25" count="1" type="stmt"/>
        <line num="26" count="1" type="stmt"/>
        <line num="27" count="1" type="stmt"/>
        <line num="28" count="1" type="stmt"/>
        <line num="31" count="1" type="stmt"/>
        <line num="34" count="1" type="stmt"/>
      </file>
      <file name="users.js" path="/Users/ericvanlessen/Downloads/backend-development-practice-projects/guide-to-testing-javascript-and-node-applications/users.js">
        <metrics statements="16" coveredstatements="15" conditionals="4" coveredconditionals="3" methods="8" coveredmethods="8"/>
        <line num="1" count="1" type="stmt"/>
        <line num="3" count="1" type="stmt"/>
        <line num="4" count="2" type="stmt"/>
        <line num="5" count="2" type="stmt"/>
        <line num="6" count="1" type="stmt"/>
        <line num="8" count="1" type="cond" truecount="1" falsecount="1"/>
        <line num="9" count="0" type="stmt"/>
        <line num="12" count="1" type="stmt"/>
        <line num="20" count="1" type="stmt"/>
        <line num="21" count="4" type="stmt"/>
        <line num="22" count="4" type="stmt"/>
        <line num="23" count="6" type="stmt"/>
        <line num="25" count="4" type="cond" truecount="2" falsecount="0"/>
        <line num="26" count="1" type="stmt"/>
        <line num="29" count="3" type="stmt"/>
        <line num="37" count="1" type="stmt"/>
      </file>
    </package>
    <package name="guide-to-testing-javascript-and-node-applications.db">
      <metrics statements="1" coveredstatements="1" conditionals="0" coveredconditionals="0" methods="0" coveredmethods="0"/>
      <file name="users.js" path="/Users/ericvanlessen/Downloads/backend-development-practice-projects/guide-to-testing-javascript-and-node-applications/db/users.js">
        <metrics statements="1" coveredstatements="1" conditionals="0" coveredconditionals="0" methods="0" coveredmethods="0"/>
        <line num="1" count="1" type="stmt"/>
      </file>
    </package>
  </project>
</coverage>
